0 info it worked if it ends with ok
1 verbose cli [ '/Users/Sam/.node/bin/node', '/usr/local/bin/npm', 'i' ]
2 info using npm@3.10.3
3 info using node@v4.3.1
4 silly loadCurrentTree Starting
5 silly install loadCurrentTree
6 silly install readLocalPackageData
7 silly install normalizeTree
8 silly loadCurrentTree Finishing
9 silly loadIdealTree Starting
10 silly install loadIdealTree
11 silly cloneCurrentTree Starting
12 silly install cloneCurrentTreeToIdealTree
13 silly cloneCurrentTree Finishing
14 silly loadShrinkwrap Starting
15 silly install loadShrinkwrap
16 silly loadShrinkwrap Finishing
17 silly loadAllDepsIntoIdealTree Starting
18 silly install loadAllDepsIntoIdealTree
19 silly loadAllDepsIntoIdealTree Finishing
20 silly loadIdealTree Finishing
21 silly currentTree portfolio@1.0.0
21 silly currentTree ├── Base64@0.2.1
21 silly currentTree ├── abbrev@1.0.9
21 silly currentTree ├── accepts@1.3.3
21 silly currentTree ├── acorn-jsx@3.0.1
21 silly currentTree ├── acorn@3.3.0
21 silly currentTree ├── align-text@0.1.4
21 silly currentTree ├── alphanum-sort@1.0.2
21 silly currentTree ├── amdefine@1.0.0
21 silly currentTree ├── angular-animate@1.5.8
21 silly currentTree ├── angular-route@1.5.8
21 silly currentTree ├── angular-touch@1.5.8
21 silly currentTree ├── angular-ui-bootstrap@2.0.1
21 silly currentTree ├── angular@1.5.8
21 silly currentTree ├── ansi-escapes@1.4.0
21 silly currentTree ├── ansi-regex@2.0.0
21 silly currentTree ├── ansi-styles@2.2.1
21 silly currentTree ├── anymatch@1.3.0
21 silly currentTree ├── aproba@1.0.4
21 silly currentTree ├── are-we-there-yet@1.1.2
21 silly currentTree ├── argparse@1.0.7
21 silly currentTree ├── arr-diff@2.0.0
21 silly currentTree ├── arr-flatten@1.0.1
21 silly currentTree ├── array-find-index@1.0.1
21 silly currentTree ├── array-flatten@1.1.1
21 silly currentTree ├── array-index@1.0.0
21 silly currentTree ├── array-union@1.0.2
21 silly currentTree ├── array-uniq@1.0.3
21 silly currentTree ├── array-unique@0.2.1
21 silly currentTree ├── arrify@1.0.1
21 silly currentTree ├── asn1@0.2.3
21 silly currentTree ├── assert-plus@0.2.0
21 silly currentTree ├── assert@1.4.1
21 silly currentTree ├── ast-types@0.6.16
21 silly currentTree ├── async-each@1.0.0
21 silly currentTree ├── async-foreach@0.1.3
21 silly currentTree ├── async@1.5.2
21 silly currentTree ├── autoprefixer@6.4.0
21 silly currentTree ├── aws-sign2@0.6.0
21 silly currentTree ├── aws4@1.4.1
21 silly currentTree ├── babel-code-frame@6.11.0
21 silly currentTree ├── babel-core@6.13.2
21 silly currentTree ├── babel-eslint@6.1.2
21 silly currentTree ├── babel-generator@6.11.4
21 silly currentTree ├── babel-helper-call-delegate@6.8.0
21 silly currentTree ├── babel-helper-define-map@6.9.0
21 silly currentTree ├── babel-helper-function-name@6.8.0
21 silly currentTree ├── babel-helper-get-function-arity@6.8.0
21 silly currentTree ├── babel-helper-hoist-variables@6.8.0
21 silly currentTree ├── babel-helper-optimise-call-expression@6.8.0
21 silly currentTree ├── babel-helper-regex@6.9.0
21 silly currentTree ├── babel-helper-replace-supers@6.8.0
21 silly currentTree ├── babel-helpers@6.8.0
21 silly currentTree ├── babel-loader@6.2.4
21 silly currentTree ├── babel-messages@6.8.0
21 silly currentTree ├── babel-plugin-check-es2015-constants@6.8.0
21 silly currentTree ├── babel-plugin-syntax-async-functions@6.13.0
21 silly currentTree ├── babel-plugin-transform-es2015-arrow-functions@6.8.0
21 silly currentTree ├── babel-plugin-transform-es2015-block-scoped-functions@6.8.0
21 silly currentTree ├── babel-plugin-transform-es2015-block-scoping@6.10.1
21 silly currentTree ├── babel-plugin-transform-es2015-classes@6.9.0
21 silly currentTree ├── babel-plugin-transform-es2015-computed-properties@6.8.0
21 silly currentTree ├── babel-plugin-transform-es2015-destructuring@6.9.0
21 silly currentTree ├── babel-plugin-transform-es2015-duplicate-keys@6.8.0
21 silly currentTree ├── babel-plugin-transform-es2015-for-of@6.8.0
21 silly currentTree ├── babel-plugin-transform-es2015-function-name@6.9.0
21 silly currentTree ├── babel-plugin-transform-es2015-literals@6.8.0
21 silly currentTree ├── babel-plugin-transform-es2015-modules-amd@6.8.0
21 silly currentTree ├── babel-plugin-transform-es2015-modules-commonjs@6.11.5
21 silly currentTree ├── babel-plugin-transform-es2015-modules-systemjs@6.12.0
21 silly currentTree ├── babel-plugin-transform-es2015-modules-umd@6.12.0
21 silly currentTree ├── babel-plugin-transform-es2015-object-super@6.8.0
21 silly currentTree ├── babel-plugin-transform-es2015-parameters@6.11.4
21 silly currentTree ├── babel-plugin-transform-es2015-shorthand-properties@6.8.0
21 silly currentTree ├── babel-plugin-transform-es2015-spread@6.8.0
21 silly currentTree ├── babel-plugin-transform-es2015-sticky-regex@6.8.0
21 silly currentTree ├── babel-plugin-transform-es2015-template-literals@6.8.0
21 silly currentTree ├── babel-plugin-transform-es2015-typeof-symbol@6.8.0
21 silly currentTree ├── babel-plugin-transform-es2015-unicode-regex@6.11.0
21 silly currentTree ├── babel-plugin-transform-regenerator@6.11.4
21 silly currentTree ├── babel-plugin-transform-strict-mode@6.11.3
21 silly currentTree ├── babel-polyfill@6.13.0
21 silly currentTree ├── babel-preset-es2015@6.13.2
21 silly currentTree ├── babel-register@6.11.6
21 silly currentTree ├── babel-runtime@6.11.6
21 silly currentTree ├── babel-template@6.9.0
21 silly currentTree ├── babel-traverse@6.13.0
21 silly currentTree ├── babel-types@6.13.0
21 silly currentTree ├── babel@6.5.2
21 silly currentTree ├── babylon@6.8.4
21 silly currentTree ├── baggage-loader@0.2.4
21 silly currentTree ├── balanced-match@0.4.2
21 silly currentTree ├── base64-js@0.0.8
21 silly currentTree ├── big.js@3.1.3
21 silly currentTree ├── binary-extensions@1.5.0
21 silly currentTree ├── bl@1.1.2
21 silly currentTree ├── block-stream@0.0.9
21 silly currentTree ├── bluebird@3.4.1
21 silly currentTree ├── boom@2.10.1
21 silly currentTree ├── brace-expansion@1.1.6
21 silly currentTree ├── braces@1.8.5
21 silly currentTree ├── browserify-zlib@0.1.4
21 silly currentTree ├── browserslist@1.3.5
21 silly currentTree ├── buffer@3.6.0
21 silly currentTree ├── builtin-modules@1.1.1
21 silly currentTree ├── caller-path@0.1.0
21 silly currentTree ├── callsites@0.2.0
21 silly currentTree ├── camel-case@1.2.2
21 silly currentTree ├─┬ camelcase-keys@2.1.0
21 silly currentTree │ └── camelcase@2.1.1
21 silly currentTree ├── camelcase@1.2.1
21 silly currentTree ├── caniuse-db@1.0.30000519
21 silly currentTree ├── caseless@0.11.0
21 silly currentTree ├── center-align@0.1.3
21 silly currentTree ├── chalk@1.1.3
21 silly currentTree ├── change-case@2.3.1
21 silly currentTree ├── chokidar@1.6.0
21 silly currentTree ├── circular-json@0.3.1
21 silly currentTree ├── clap@1.1.1
21 silly currentTree ├─┬ clean-css@3.4.19
21 silly currentTree │ ├── commander@2.8.1
21 silly currentTree │ └── source-map@0.4.4
21 silly currentTree ├── clean-webpack-plugin@0.1.10
21 silly currentTree ├── cli-cursor@1.0.2
21 silly currentTree ├── cli-width@2.1.0
21 silly currentTree ├─┬ cliui@2.1.0
21 silly currentTree │ └── wordwrap@0.0.2
21 silly currentTree ├── clone@1.0.2
21 silly currentTree ├── coa@1.0.1
21 silly currentTree ├── code-point-at@1.0.0
21 silly currentTree ├── color-convert@1.3.1
21 silly currentTree ├── color-name@1.1.1
21 silly currentTree ├── color-string@0.3.0
21 silly currentTree ├── color@0.11.3
21 silly currentTree ├── colormin@1.1.1
21 silly currentTree ├── colors@1.1.2
21 silly currentTree ├── combined-stream@1.0.5
21 silly currentTree ├── commander@2.9.0
21 silly currentTree ├── commondir@1.0.1
21 silly currentTree ├── concat-map@0.0.1
21 silly currentTree ├── concat-stream@1.5.1
21 silly currentTree ├── console-browserify@1.1.0
21 silly currentTree ├── console-control-strings@1.1.0
21 silly currentTree ├── constant-case@1.1.2
21 silly currentTree ├── constants-browserify@0.0.1
21 silly currentTree ├── content-disposition@0.5.1
21 silly currentTree ├── content-type@1.0.2
21 silly currentTree ├── convert-source-map@1.3.0
21 silly currentTree ├── cookie-signature@1.0.6
21 silly currentTree ├── cookie@0.3.1
21 silly currentTree ├── core-js@2.4.1
21 silly currentTree ├── core-util-is@1.0.2
21 silly currentTree ├── cross-spawn@3.0.1
21 silly currentTree ├── cryptiles@2.0.5
21 silly currentTree ├── crypto-browserify@3.2.8
21 silly currentTree ├── css-color-names@0.0.4
21 silly currentTree ├── css-loader@0.23.1
21 silly currentTree ├── css-selector-tokenizer@0.5.4
21 silly currentTree ├── cssesc@0.1.0
21 silly currentTree ├── cssnano@3.7.3
21 silly currentTree ├── csso@2.0.0
21 silly currentTree ├── currently-unhandled@0.4.1
21 silly currentTree ├── d@0.1.1
21 silly currentTree ├─┬ dashdash@1.14.0
21 silly currentTree │ └── assert-plus@1.0.0
21 silly currentTree ├── date-now@0.1.4
21 silly currentTree ├── debug@2.2.0
21 silly currentTree ├── decamelize@1.2.0
21 silly currentTree ├── deep-is@0.1.3
21 silly currentTree ├── defined@1.0.0
21 silly currentTree ├── del@2.2.1
21 silly currentTree ├── delayed-stream@1.0.0
21 silly currentTree ├── delegates@1.0.0
21 silly currentTree ├── depd@1.1.0
21 silly currentTree ├── destroy@1.0.4
21 silly currentTree ├── detect-indent@3.0.1
21 silly currentTree ├─┬ doctrine@1.2.2
21 silly currentTree │ └── esutils@1.1.6
21 silly currentTree ├── domain-browser@1.1.7
21 silly currentTree ├── dot-case@1.1.2
21 silly currentTree ├── ecc-jsbn@0.1.1
21 silly currentTree ├── ee-first@1.1.1
21 silly currentTree ├── emojis-list@2.0.1
21 silly currentTree ├── encodeurl@1.0.1
21 silly currentTree ├─┬ enhanced-resolve@0.9.1
21 silly currentTree │ └── memory-fs@0.2.0
21 silly currentTree ├── errno@0.1.4
21 silly currentTree ├── error-ex@1.3.0
21 silly currentTree ├── es5-ext@0.10.12
21 silly currentTree ├── es6-iterator@2.0.0
21 silly currentTree ├── es6-map@0.1.4
21 silly currentTree ├── es6-set@0.1.4
21 silly currentTree ├── es6-symbol@3.1.0
21 silly currentTree ├── es6-templates@0.2.2
21 silly currentTree ├── es6-weak-map@2.0.1
21 silly currentTree ├── escape-html@1.0.3
21 silly currentTree ├── escape-string-regexp@1.0.5
21 silly currentTree ├── escope@3.6.0
21 silly currentTree ├── eslint-loader@1.5.0
21 silly currentTree ├─┬ eslint@3.2.2
21 silly currentTree │ ├── globals@9.9.0
21 silly currentTree │ └── user-home@2.0.0
21 silly currentTree ├── espree@3.1.7
21 silly currentTree ├── esprima@2.7.2
21 silly currentTree ├─┬ esrecurse@4.1.0
21 silly currentTree │ └── estraverse@4.1.1
21 silly currentTree ├── estraverse@4.2.0
21 silly currentTree ├── esutils@2.0.2
21 silly currentTree ├── etag@1.7.0
21 silly currentTree ├── event-emitter@0.3.4
21 silly currentTree ├── events@1.1.1
21 silly currentTree ├── exit-hook@1.1.1
21 silly currentTree ├── expand-brackets@0.1.5
21 silly currentTree ├── expand-range@1.8.2
21 silly currentTree ├─┬ express@4.14.0
21 silly currentTree │ └── qs@6.2.0
21 silly currentTree ├── extend@3.0.0
21 silly currentTree ├── extglob@0.3.2
21 silly currentTree ├── extract-text-webpack-plugin@1.0.1
21 silly currentTree ├── extsprintf@1.0.2
21 silly currentTree ├── fast-levenshtein@1.1.4
21 silly currentTree ├── fastparse@1.1.1
21 silly currentTree ├── figures@1.7.0
21 silly currentTree ├── file-entry-cache@1.3.1
21 silly currentTree ├── file-loader@0.9.0
21 silly currentTree ├── filename-regex@2.0.0
21 silly currentTree ├── fill-range@2.2.3
21 silly currentTree ├── finalhandler@0.5.0
21 silly currentTree ├── find-cache-dir@0.1.1
21 silly currentTree ├─┬ find-up@1.1.2
21 silly currentTree │ └── path-exists@2.1.0
21 silly currentTree ├── flat-cache@1.2.1
21 silly currentTree ├── flatten@1.0.2
21 silly currentTree ├── for-in@0.1.5
21 silly currentTree ├── for-own@0.1.4
21 silly currentTree ├── forever-agent@0.6.1
21 silly currentTree ├── form-data@1.0.0-rc4
21 silly currentTree ├── forwarded@0.1.0
21 silly currentTree ├── fresh@0.3.0
21 silly currentTree ├── fs.realpath@1.0.0
21 silly currentTree ├─┬ fsevents@1.0.14
21 silly currentTree │ ├── abbrev@1.0.9
21 silly currentTree │ ├── ansi-regex@2.0.0
21 silly currentTree │ ├── ansi-styles@2.2.1
21 silly currentTree │ ├── aproba@1.0.4
21 silly currentTree │ ├── are-we-there-yet@1.1.2
21 silly currentTree │ ├── asn1@0.2.3
21 silly currentTree │ ├── assert-plus@0.2.0
21 silly currentTree │ ├── async@1.5.2
21 silly currentTree │ ├── aws-sign2@0.6.0
21 silly currentTree │ ├── aws4@1.4.1
21 silly currentTree │ ├── balanced-match@0.4.2
21 silly currentTree │ ├─┬ bl@1.1.2
21 silly currentTree │ │ └── readable-stream@2.0.6
21 silly currentTree │ ├── block-stream@0.0.9
21 silly currentTree │ ├── boom@2.10.1
21 silly currentTree │ ├── brace-expansion@1.1.5
21 silly currentTree │ ├── buffer-shims@1.0.0
21 silly currentTree │ ├── caseless@0.11.0
21 silly currentTree │ ├── chalk@1.1.3
21 silly currentTree │ ├── code-point-at@1.0.0
21 silly currentTree │ ├── combined-stream@1.0.5
21 silly currentTree │ ├── commander@2.9.0
21 silly currentTree │ ├── concat-map@0.0.1
21 silly currentTree │ ├── console-control-strings@1.1.0
21 silly currentTree │ ├── core-util-is@1.0.2
21 silly currentTree │ ├── cryptiles@2.0.5
21 silly currentTree │ ├─┬ dashdash@1.14.0
21 silly currentTree │ │ └── assert-plus@1.0.0
21 silly currentTree │ ├── debug@2.2.0
21 silly currentTree │ ├── deep-extend@0.4.1
21 silly currentTree │ ├── delayed-stream@1.0.0
21 silly currentTree │ ├── delegates@1.0.0
21 silly currentTree │ ├── ecc-jsbn@0.1.1
21 silly currentTree │ ├── escape-string-regexp@1.0.5
21 silly currentTree │ ├── extend@3.0.0
21 silly currentTree │ ├── extsprintf@1.0.2
21 silly currentTree │ ├── forever-agent@0.6.1
21 silly currentTree │ ├── form-data@1.0.0-rc4
21 silly currentTree │ ├── fs.realpath@1.0.0
21 silly currentTree │ ├── fstream-ignore@1.0.5
21 silly currentTree │ ├── fstream@1.0.10
21 silly currentTree │ ├── gauge@2.6.0
21 silly currentTree │ ├── generate-function@2.0.0
21 silly currentTree │ ├── generate-object-property@1.2.0
21 silly currentTree │ ├─┬ getpass@0.1.6
21 silly currentTree │ │ └── assert-plus@1.0.0
21 silly currentTree │ ├── glob@7.0.5
21 silly currentTree │ ├── graceful-fs@4.1.4
21 silly currentTree │ ├── graceful-readlink@1.0.1
21 silly currentTree │ ├── har-validator@2.0.6
21 silly currentTree │ ├── has-ansi@2.0.0
21 silly currentTree │ ├── has-color@0.1.7
21 silly currentTree │ ├── has-unicode@2.0.1
21 silly currentTree │ ├── hawk@3.1.3
21 silly currentTree │ ├── hoek@2.16.3
21 silly currentTree │ ├── http-signature@1.1.1
21 silly currentTree │ ├── inflight@1.0.5
21 silly currentTree │ ├── inherits@2.0.1
21 silly currentTree │ ├── ini@1.3.4
21 silly currentTree │ ├── is-fullwidth-code-point@1.0.0
21 silly currentTree │ ├── is-my-json-valid@2.13.1
21 silly currentTree │ ├── is-property@1.0.2
21 silly currentTree │ ├── is-typedarray@1.0.0
21 silly currentTree │ ├── isarray@1.0.0
21 silly currentTree │ ├── isstream@0.1.2
21 silly currentTree │ ├── jodid25519@1.0.2
21 silly currentTree │ ├── jsbn@0.1.0
21 silly currentTree │ ├── json-schema@0.2.2
21 silly currentTree │ ├── json-stringify-safe@5.0.1
21 silly currentTree │ ├── jsonpointer@2.0.0
21 silly currentTree │ ├── jsprim@1.3.0
21 silly currentTree │ ├── mime-db@1.23.0
21 silly currentTree │ ├── mime-types@2.1.11
21 silly currentTree │ ├── minimatch@3.0.2
21 silly currentTree │ ├── minimist@0.0.8
21 silly currentTree │ ├── mkdirp@0.5.1
21 silly currentTree │ ├── ms@0.7.1
21 silly currentTree │ ├── node-pre-gyp@0.6.29
21 silly currentTree │ ├── node-uuid@1.4.7
21 silly currentTree │ ├── nopt@3.0.6
21 silly currentTree │ ├── npmlog@3.1.2
21 silly currentTree │ ├── number-is-nan@1.0.0
21 silly currentTree │ ├── oauth-sign@0.8.2
21 silly currentTree │ ├── object-assign@4.1.0
21 silly currentTree │ ├── once@1.3.3
21 silly currentTree │ ├── path-is-absolute@1.0.0
21 silly currentTree │ ├── pinkie-promise@2.0.1
21 silly currentTree │ ├── pinkie@2.0.4
21 silly currentTree │ ├── process-nextick-args@1.0.7
21 silly currentTree │ ├── qs@6.2.0
21 silly currentTree │ ├─┬ rc@1.1.6
21 silly currentTree │ │ └── minimist@1.2.0
21 silly currentTree │ ├── readable-stream@2.1.4
21 silly currentTree │ ├── request@2.73.0
21 silly currentTree │ ├── rimraf@2.5.3
21 silly currentTree │ ├── semver@5.2.0
21 silly currentTree │ ├── set-blocking@2.0.0
21 silly currentTree │ ├── signal-exit@3.0.0
21 silly currentTree │ ├── sntp@1.0.9
21 silly currentTree │ ├─┬ sshpk@1.8.3
21 silly currentTree │ │ └── assert-plus@1.0.0
21 silly currentTree │ ├── string-width@1.0.1
21 silly currentTree │ ├── string_decoder@0.10.31
21 silly currentTree │ ├── stringstream@0.0.5
21 silly currentTree │ ├── strip-ansi@3.0.1
21 silly currentTree │ ├── strip-json-comments@1.0.4
21 silly currentTree │ ├── supports-color@2.0.0
21 silly currentTree │ ├── tar-pack@3.1.4
21 silly currentTree │ ├── tar@2.2.1
21 silly currentTree │ ├── tough-cookie@2.2.2
21 silly currentTree │ ├── tunnel-agent@0.4.3
21 silly currentTree │ ├── tweetnacl@0.13.3
21 silly currentTree │ ├── uid-number@0.0.6
21 silly currentTree │ ├── util-deprecate@1.0.2
21 silly currentTree │ ├── verror@1.3.6
21 silly currentTree │ ├── wide-align@1.1.0
21 silly currentTree │ ├── wrappy@1.0.2
21 silly currentTree │ └── xtend@4.0.1
21 silly currentTree ├── fstream@1.0.10
21 silly currentTree ├── gauge@2.6.0
21 silly currentTree ├── gaze@1.1.1
21 silly currentTree ├── generate-function@2.0.0
21 silly currentTree ├── generate-object-property@1.2.0
21 silly currentTree ├── get-caller-file@1.0.1
21 silly currentTree ├── get-stdin@4.0.1
21 silly currentTree ├─┬ getpass@0.1.6
21 silly currentTree │ └── assert-plus@1.0.0
21 silly currentTree ├── glob-base@0.3.0
21 silly currentTree ├── glob-parent@2.0.0
21 silly currentTree ├── glob@7.0.5
21 silly currentTree ├── globals@8.18.0
21 silly currentTree ├── globby@5.0.0
21 silly currentTree ├─┬ globule@1.0.0
21 silly currentTree │ └── lodash@4.9.0
21 silly currentTree ├── graceful-fs@4.1.5
21 silly currentTree ├── graceful-readlink@1.0.1
21 silly currentTree ├── har-validator@2.0.6
21 silly currentTree ├── has-ansi@2.0.0
21 silly currentTree ├── has-color@0.1.7
21 silly currentTree ├── has-flag@1.0.0
21 silly currentTree ├── has-own@1.0.0
21 silly currentTree ├── has-unicode@2.0.1
21 silly currentTree ├── hawk@3.1.3
21 silly currentTree ├── he@1.0.0
21 silly currentTree ├── hoek@2.16.3
21 silly currentTree ├── home-or-tmp@1.0.0
21 silly currentTree ├── hosted-git-info@2.1.5
21 silly currentTree ├── html-comment-regex@1.1.1
21 silly currentTree ├── html-loader@0.4.3
21 silly currentTree ├── html-minifier@1.5.0
21 silly currentTree ├── http-browserify@1.7.0
21 silly currentTree ├── http-errors@1.5.0
21 silly currentTree ├── http-signature@1.1.1
21 silly currentTree ├── https-browserify@0.0.0
21 silly currentTree ├── icss-replace-symbols@1.0.2
21 silly currentTree ├── ieee754@1.1.6
21 silly currentTree ├── ignore@3.1.3
21 silly currentTree ├── imurmurhash@0.1.4
21 silly currentTree ├── in-publish@2.0.0
21 silly currentTree ├─┬ indent-string@2.1.0
21 silly currentTree │ └── repeating@2.0.1
21 silly currentTree ├── indexes-of@1.0.1
21 silly currentTree ├── indexof@0.0.1
21 silly currentTree ├── inflight@1.0.5
21 silly currentTree ├── inherits@2.0.1
21 silly currentTree ├── inquirer@0.12.0
21 silly currentTree ├── interpret@0.6.6
21 silly currentTree ├── invariant@2.2.1
21 silly currentTree ├── invert-kv@1.0.0
21 silly currentTree ├── ipaddr.js@1.1.1
21 silly currentTree ├── is-absolute-url@2.0.0
21 silly currentTree ├── is-arrayish@0.2.1
21 silly currentTree ├── is-binary-path@1.0.1
21 silly currentTree ├── is-buffer@1.1.4
21 silly currentTree ├── is-builtin-module@1.0.0
21 silly currentTree ├── is-dotfile@1.0.2
21 silly currentTree ├── is-equal-shallow@0.1.3
21 silly currentTree ├── is-extendable@0.1.1
21 silly currentTree ├── is-extglob@1.0.0
21 silly currentTree ├── is-finite@1.0.1
21 silly currentTree ├── is-fullwidth-code-point@1.0.0
21 silly currentTree ├── is-glob@2.0.1
21 silly currentTree ├── is-lower-case@1.1.3
21 silly currentTree ├── is-my-json-valid@2.13.1
21 silly currentTree ├── is-number@2.1.0
21 silly currentTree ├── is-path-cwd@1.0.0
21 silly currentTree ├── is-path-in-cwd@1.0.0
21 silly currentTree ├── is-path-inside@1.0.0
21 silly currentTree ├── is-plain-obj@1.1.0
21 silly currentTree ├── is-posix-bracket@0.1.1
21 silly currentTree ├── is-primitive@2.0.0
21 silly currentTree ├── is-property@1.0.2
21 silly currentTree ├── is-resolvable@1.0.0
21 silly currentTree ├── is-svg@2.0.1
21 silly currentTree ├── is-typedarray@1.0.0
21 silly currentTree ├── is-upper-case@1.1.2
21 silly currentTree ├── is-utf8@0.2.1
21 silly currentTree ├── isarray@1.0.0
21 silly currentTree ├── isexe@1.1.2
21 silly currentTree ├── isobject@2.1.0
21 silly currentTree ├── isstream@0.1.2
21 silly currentTree ├── jodid25519@1.0.2
21 silly currentTree ├── js-base64@2.1.9
21 silly currentTree ├── js-tokens@2.0.0
21 silly currentTree ├── js-yaml@3.6.1
21 silly currentTree ├── jsbn@0.1.0
21 silly currentTree ├── jsesc@0.5.0
21 silly currentTree ├── json-loader@0.5.4
21 silly currentTree ├── json-schema@0.2.2
21 silly currentTree ├── json-stable-stringify@1.0.1
21 silly currentTree ├── json-stringify-safe@5.0.1
21 silly currentTree ├── json5@0.4.0
21 silly currentTree ├── jsonify@0.0.0
21 silly currentTree ├── jsonpointer@2.0.0
21 silly currentTree ├── jsprim@1.3.0
21 silly currentTree ├── kind-of@3.0.4
21 silly currentTree ├── lazy-cache@1.0.4
21 silly currentTree ├── lcid@1.0.0
21 silly currentTree ├── levn@0.3.0
21 silly currentTree ├─┬ load-json-file@1.1.0
21 silly currentTree │ └── strip-bom@2.0.0
21 silly currentTree ├─┬ loader-utils@0.2.15
21 silly currentTree │ └── json5@0.5.0
21 silly currentTree ├── lodash._createcompounder@3.0.0
21 silly currentTree ├── lodash._root@3.0.1
21 silly currentTree ├── lodash.assign@4.1.0
21 silly currentTree ├── lodash.camelcase@3.0.1
21 silly currentTree ├── lodash.clonedeep@4.4.1
21 silly currentTree ├── lodash.deburr@3.2.0
21 silly currentTree ├── lodash.pickby@4.5.1
21 silly currentTree ├── lodash.words@3.2.0
21 silly currentTree ├── lodash@4.14.2
21 silly currentTree ├── longest@1.0.1
21 silly currentTree ├─┬ loose-envify@1.2.0
21 silly currentTree │ └── js-tokens@1.0.3
21 silly currentTree ├── loud-rejection@1.6.0
21 silly currentTree ├── lower-case-first@1.0.2
21 silly currentTree ├── lower-case@1.1.3
21 silly currentTree ├── lru-cache@4.0.1
21 silly currentTree ├── macaddress@0.2.8
21 silly currentTree ├── map-obj@1.0.1
21 silly currentTree ├── media-typer@0.3.0
21 silly currentTree ├── memory-fs@0.3.0
21 silly currentTree ├── meow@3.7.0
21 silly currentTree ├── merge-descriptors@1.0.1
21 silly currentTree ├── methods@1.1.2
21 silly currentTree ├── micromatch@2.3.11
21 silly currentTree ├── mime-db@1.23.0
21 silly currentTree ├── mime-types@2.1.11
21 silly currentTree ├── mime@1.2.11
21 silly currentTree ├── minimatch@3.0.2
21 silly currentTree ├── minimist@1.2.0
21 silly currentTree ├─┬ mkdirp@0.5.1
21 silly currentTree │ └── minimist@0.0.8
21 silly currentTree ├── ms@0.7.1
21 silly currentTree ├── mute-stream@0.0.5
21 silly currentTree ├── nan@2.4.0
21 silly currentTree ├── ncname@1.0.0
21 silly currentTree ├── negotiator@0.6.1
21 silly currentTree ├── node-gyp@3.4.0
21 silly currentTree ├─┬ node-libs-browser@0.5.3
21 silly currentTree │ ├── isarray@0.0.1
21 silly currentTree │ └── readable-stream@1.1.14
21 silly currentTree ├── node-sass@3.8.0
21 silly currentTree ├── node-uuid@1.4.7
21 silly currentTree ├── nopt@3.0.6
21 silly currentTree ├── normalize-package-data@2.3.5
21 silly currentTree ├── normalize-path@2.0.1
21 silly currentTree ├── normalize-range@0.1.2
21 silly currentTree ├── normalize-url@1.6.0
21 silly currentTree ├── npmlog@3.1.2
21 silly currentTree ├── num2fraction@1.2.2
21 silly currentTree ├── number-is-nan@1.0.0
21 silly currentTree ├── oauth-sign@0.8.2
21 silly currentTree ├── object-assign@4.1.0
21 silly currentTree ├── object.omit@2.0.0
21 silly currentTree ├── on-finished@2.3.0
21 silly currentTree ├── once@1.3.3
21 silly currentTree ├── onetime@1.1.0
21 silly currentTree ├─┬ optimist@0.6.1
21 silly currentTree │ ├── minimist@0.0.10
21 silly currentTree │ └── wordwrap@0.0.3
21 silly currentTree ├── optionator@0.8.1
21 silly currentTree ├── os-browserify@0.1.2
21 silly currentTree ├── os-homedir@1.0.1
21 silly currentTree ├── os-locale@1.4.0
21 silly currentTree ├── os-tmpdir@1.0.1
21 silly currentTree ├── osenv@0.1.3
21 silly currentTree ├── pako@0.2.9
21 silly currentTree ├── param-case@1.1.2
21 silly currentTree ├── parse-glob@3.0.4
21 silly currentTree ├── parse-json@2.2.0
21 silly currentTree ├── parseurl@1.3.1
21 silly currentTree ├── pascal-case@1.1.2
21 silly currentTree ├── path-array@1.0.1
21 silly currentTree ├── path-browserify@0.0.0
21 silly currentTree ├── path-case@1.1.2
21 silly currentTree ├── path-exists@1.0.0
21 silly currentTree ├── path-is-absolute@1.0.0
21 silly currentTree ├── path-is-inside@1.0.1
21 silly currentTree ├── path-to-regexp@0.1.7
21 silly currentTree ├── path-type@1.1.0
21 silly currentTree ├── pbkdf2-compat@2.0.1
21 silly currentTree ├── pify@2.3.0
21 silly currentTree ├── pinkie-promise@2.0.1
21 silly currentTree ├── pinkie@2.0.4
21 silly currentTree ├── pkg-dir@1.0.0
21 silly currentTree ├── pluralize@1.2.1
21 silly currentTree ├── postcss-calc@5.3.0
21 silly currentTree ├── postcss-colormin@2.2.0
21 silly currentTree ├── postcss-convert-values@2.4.0
21 silly currentTree ├── postcss-discard-comments@2.0.4
21 silly currentTree ├── postcss-discard-duplicates@2.0.1
21 silly currentTree ├── postcss-discard-empty@2.1.0
21 silly currentTree ├── postcss-discard-overridden@0.1.1
21 silly currentTree ├── postcss-discard-unused@2.2.1
21 silly currentTree ├── postcss-filter-plugins@2.0.1
21 silly currentTree ├── postcss-merge-idents@2.1.6
21 silly currentTree ├── postcss-merge-longhand@2.0.1
21 silly currentTree ├── postcss-merge-rules@2.0.10
21 silly currentTree ├── postcss-message-helpers@2.0.0
21 silly currentTree ├── postcss-minify-font-values@1.0.5
21 silly currentTree ├── postcss-minify-gradients@1.0.3
21 silly currentTree ├── postcss-minify-params@1.0.4
21 silly currentTree ├── postcss-minify-selectors@2.0.5
21 silly currentTree ├── postcss-modules-extract-imports@1.0.1
21 silly currentTree ├─┬ postcss-modules-local-by-default@1.1.1
21 silly currentTree │ ├── css-selector-tokenizer@0.6.0
21 silly currentTree │ └── regexpu-core@1.0.0
21 silly currentTree ├─┬ postcss-modules-scope@1.0.2
21 silly currentTree │ ├── css-selector-tokenizer@0.6.0
21 silly currentTree │ └── regexpu-core@1.0.0
21 silly currentTree ├── postcss-modules-values@1.1.3
21 silly currentTree ├── postcss-normalize-charset@1.1.0
21 silly currentTree ├── postcss-normalize-url@3.0.7
21 silly currentTree ├── postcss-ordered-values@2.2.1
21 silly currentTree ├── postcss-reduce-idents@2.3.0
21 silly currentTree ├── postcss-reduce-initial@1.0.0
21 silly currentTree ├── postcss-reduce-transforms@1.0.3
21 silly currentTree ├── postcss-selector-parser@2.2.0
21 silly currentTree ├── postcss-svgo@2.1.4
21 silly currentTree ├── postcss-unique-selectors@2.0.2
21 silly currentTree ├── postcss-value-parser@3.3.0
21 silly currentTree ├── postcss-zindex@2.1.1
21 silly currentTree ├─┬ postcss@5.1.2
21 silly currentTree │ └── supports-color@3.1.2
21 silly currentTree ├── prelude-ls@1.1.2
21 silly currentTree ├── prepend-http@1.0.4
21 silly currentTree ├── preserve@0.2.0
21 silly currentTree ├── private@0.1.6
21 silly currentTree ├── process-nextick-args@1.0.7
21 silly currentTree ├── process@0.11.8
21 silly currentTree ├── progress@1.1.8
21 silly currentTree ├── proxy-addr@1.1.2
21 silly currentTree ├── prr@0.0.0
21 silly currentTree ├── pseudomap@1.0.2
21 silly currentTree ├── punycode@1.4.1
21 silly currentTree ├── q@1.4.1
21 silly currentTree ├── qs@6.2.1
21 silly currentTree ├── query-string@4.2.2
21 silly currentTree ├── querystring-es3@0.2.1
21 silly currentTree ├── querystring@0.2.0
21 silly currentTree ├── randomatic@1.1.5
21 silly currentTree ├── range-parser@1.2.0
21 silly currentTree ├── read-pkg-up@1.0.1
21 silly currentTree ├── read-pkg@1.1.0
21 silly currentTree ├── readable-stream@2.0.6
21 silly currentTree ├── readdirp@2.1.0
21 silly currentTree ├── readline2@1.0.1
21 silly currentTree ├─┬ recast@0.9.18
21 silly currentTree │ ├── esprima-fb@10001.1.0-dev-harmony-fb
21 silly currentTree │ └── source-map@0.1.43
21 silly currentTree ├── redent@1.0.0
21 silly currentTree ├─┬ reduce-css-calc@1.2.4
21 silly currentTree │ └── balanced-match@0.1.0
21 silly currentTree ├─┬ reduce-function-call@1.0.1
21 silly currentTree │ └── balanced-match@0.1.0
21 silly currentTree ├── regenerate@1.3.1
21 silly currentTree ├── regenerator-runtime@0.9.5
21 silly currentTree ├── regex-cache@0.4.3
21 silly currentTree ├── regexpu-core@2.0.0
21 silly currentTree ├── regjsgen@0.2.0
21 silly currentTree ├── regjsparser@0.1.5
21 silly currentTree ├── relateurl@0.2.7
21 silly currentTree ├── repeat-element@1.1.2
21 silly currentTree ├── repeat-string@1.5.4
21 silly currentTree ├── repeating@1.1.3
21 silly currentTree ├── request@2.74.0
21 silly currentTree ├── require-directory@2.1.1
21 silly currentTree ├── require-main-filename@1.0.1
21 silly currentTree ├── require-uncached@1.0.2
21 silly currentTree ├── resolve-from@1.0.1
21 silly currentTree ├── restore-cursor@1.0.1
21 silly currentTree ├── right-align@0.1.3
21 silly currentTree ├── rimraf@2.5.4
21 silly currentTree ├── ripemd160@0.2.0
21 silly currentTree ├── run-async@0.1.0
21 silly currentTree ├── rx-lite@3.1.2
21 silly currentTree ├─┬ sass-graph@2.1.2
21 silly currentTree │ ├── cliui@3.2.0
21 silly currentTree │ ├── window-size@0.2.0
21 silly currentTree │ └── yargs@4.8.1
21 silly currentTree ├── sass-loader@4.0.0
21 silly currentTree ├── sax@1.2.1
21 silly currentTree ├── semver@5.3.0
21 silly currentTree ├─┬ send@0.14.1
21 silly currentTree │ └── mime@1.3.4
21 silly currentTree ├── sentence-case@1.1.3
21 silly currentTree ├── serve-static@1.11.1
21 silly currentTree ├── set-blocking@2.0.0
21 silly currentTree ├── set-immediate-shim@1.0.1
21 silly currentTree ├── setprototypeof@1.0.1
21 silly currentTree ├── sha.js@2.2.6
21 silly currentTree ├── shebang-regex@1.0.0
21 silly currentTree ├── shelljs@0.6.1
21 silly currentTree ├── signal-exit@3.0.0
21 silly currentTree ├── slash@1.0.0
21 silly currentTree ├── slice-ansi@0.0.4
21 silly currentTree ├── snake-case@1.1.2
21 silly currentTree ├── sntp@1.0.9
21 silly currentTree ├── sort-keys@1.1.2
21 silly currentTree ├── source-list-map@0.1.6
21 silly currentTree ├─┬ source-map-support@0.2.10
21 silly currentTree │ └── source-map@0.1.32
21 silly currentTree ├── source-map@0.5.6
21 silly currentTree ├── spdx-correct@1.0.2
21 silly currentTree ├── spdx-exceptions@1.0.5
21 silly currentTree ├── spdx-expression-parse@1.0.2
21 silly currentTree ├── spdx-license-ids@1.2.2
21 silly currentTree ├── sprintf-js@1.0.3
21 silly currentTree ├─┬ sshpk@1.9.2
21 silly currentTree │ └── assert-plus@1.0.0
21 silly currentTree ├── statuses@1.3.0
21 silly currentTree ├─┬ stream-browserify@1.0.0
21 silly currentTree │ ├── isarray@0.0.1
21 silly currentTree │ └── readable-stream@1.1.14
21 silly currentTree ├── strict-uri-encode@1.1.0
21 silly currentTree ├── string-width@1.0.1
21 silly currentTree ├── string_decoder@0.10.31
21 silly currentTree ├── stringstream@0.0.5
21 silly currentTree ├── strip-ansi@3.0.1
21 silly currentTree ├── strip-bom@3.0.0
21 silly currentTree ├── strip-indent@1.0.1
21 silly currentTree ├── strip-json-comments@1.0.4
21 silly currentTree ├── style-loader@0.13.1
21 silly currentTree ├── supports-color@2.0.0
21 silly currentTree ├── svgo@0.6.6
21 silly currentTree ├── swap-case@1.1.2
21 silly currentTree ├── table@3.7.8
21 silly currentTree ├── tapable@0.1.10
21 silly currentTree ├── tar@2.2.1
21 silly currentTree ├── text-table@0.2.0
21 silly currentTree ├── through@2.3.8
21 silly currentTree ├── timers-browserify@1.4.2
21 silly currentTree ├── title-case@1.1.2
21 silly currentTree ├── to-fast-properties@1.0.2
21 silly currentTree ├── tough-cookie@2.3.1
21 silly currentTree ├── trim-newlines@1.0.0
21 silly currentTree ├── tryit@1.0.2
21 silly currentTree ├── tty-browserify@0.0.0
21 silly currentTree ├── tunnel-agent@0.4.3
21 silly currentTree ├── tv4@1.2.7
21 silly currentTree ├── tweetnacl@0.13.3
21 silly currentTree ├── type-check@0.3.2
21 silly currentTree ├── type-is@1.6.13
21 silly currentTree ├── typedarray@0.0.6
21 silly currentTree ├─┬ uglify-js@2.6.4
21 silly currentTree │ └── async@0.2.10
21 silly currentTree ├── uglify-to-browserify@1.0.2
21 silly currentTree ├── uniq@1.0.1
21 silly currentTree ├── uniqid@3.1.0
21 silly currentTree ├── uniqs@2.0.0
21 silly currentTree ├── unpipe@1.0.0
21 silly currentTree ├── upper-case-first@1.1.2
21 silly currentTree ├── upper-case@1.1.3
21 silly currentTree ├── url-loader@0.5.7
21 silly currentTree ├─┬ url@0.10.3
21 silly currentTree │ └── punycode@1.3.2
21 silly currentTree ├── user-home@1.1.1
21 silly currentTree ├── util-deprecate@1.0.2
21 silly currentTree ├── util@0.10.3
21 silly currentTree ├── utils-merge@1.0.0
21 silly currentTree ├── validate-npm-package-license@3.0.1
21 silly currentTree ├── vary@1.1.0
21 silly currentTree ├── vendors@1.0.0
21 silly currentTree ├── verror@1.3.6
21 silly currentTree ├── vm-browserify@0.0.4
21 silly currentTree ├─┬ watchpack@0.2.9
21 silly currentTree │ └── async@0.9.2
21 silly currentTree ├─┬ webpack-core@0.6.8
21 silly currentTree │ └── source-map@0.4.4
21 silly currentTree ├── webpack-sources@0.1.2
21 silly currentTree ├─┬ webpack@1.13.1
21 silly currentTree │ └── supports-color@3.1.2
21 silly currentTree ├── whet.extend@0.9.9
21 silly currentTree ├── which-module@1.0.0
21 silly currentTree ├── which@1.2.10
21 silly currentTree ├── wide-align@1.1.0
21 silly currentTree ├── window-size@0.1.0
21 silly currentTree ├── wordwrap@1.0.0
21 silly currentTree ├── wrap-ansi@2.0.0
21 silly currentTree ├── wrappy@1.0.2
21 silly currentTree ├── write@0.2.1
21 silly currentTree ├── xml-char-classes@1.0.0
21 silly currentTree ├── xregexp@3.1.1
21 silly currentTree ├── xtend@4.0.1
21 silly currentTree ├── y18n@3.2.1
21 silly currentTree ├── yallist@2.0.0
21 silly currentTree ├─┬ yargs-parser@2.4.1
21 silly currentTree │ └── camelcase@3.0.0
21 silly currentTree └── yargs@3.10.0
22 silly idealTree portfolio@1.0.0
22 silly idealTree ├── Base64@0.2.1
22 silly idealTree ├── abbrev@1.0.9
22 silly idealTree ├── accepts@1.3.3
22 silly idealTree ├── acorn-jsx@3.0.1
22 silly idealTree ├── acorn@3.3.0
22 silly idealTree ├── align-text@0.1.4
22 silly idealTree ├── alphanum-sort@1.0.2
22 silly idealTree ├── amdefine@1.0.0
22 silly idealTree ├── angular-animate@1.5.8
22 silly idealTree ├── angular-route@1.5.8
22 silly idealTree ├── angular-touch@1.5.8
22 silly idealTree ├── angular-ui-bootstrap@2.0.1
22 silly idealTree ├── angular@1.5.8
22 silly idealTree ├── ansi-escapes@1.4.0
22 silly idealTree ├── ansi-regex@2.0.0
22 silly idealTree ├── ansi-styles@2.2.1
22 silly idealTree ├── anymatch@1.3.0
22 silly idealTree ├── aproba@1.0.4
22 silly idealTree ├── are-we-there-yet@1.1.2
22 silly idealTree ├── argparse@1.0.7
22 silly idealTree ├── arr-diff@2.0.0
22 silly idealTree ├── arr-flatten@1.0.1
22 silly idealTree ├── array-find-index@1.0.1
22 silly idealTree ├── array-flatten@1.1.1
22 silly idealTree ├── array-index@1.0.0
22 silly idealTree ├── array-union@1.0.2
22 silly idealTree ├── array-uniq@1.0.3
22 silly idealTree ├── array-unique@0.2.1
22 silly idealTree ├── arrify@1.0.1
22 silly idealTree ├── asn1@0.2.3
22 silly idealTree ├── assert-plus@0.2.0
22 silly idealTree ├── assert@1.4.1
22 silly idealTree ├── ast-types@0.6.16
22 silly idealTree ├── async-each@1.0.0
22 silly idealTree ├── async-foreach@0.1.3
22 silly idealTree ├── async@1.5.2
22 silly idealTree ├── autoprefixer@6.4.0
22 silly idealTree ├── aws-sign2@0.6.0
22 silly idealTree ├── aws4@1.4.1
22 silly idealTree ├── babel-code-frame@6.11.0
22 silly idealTree ├── babel-core@6.13.2
22 silly idealTree ├── babel-eslint@6.1.2
22 silly idealTree ├── babel-generator@6.11.4
22 silly idealTree ├── babel-helper-call-delegate@6.8.0
22 silly idealTree ├── babel-helper-define-map@6.9.0
22 silly idealTree ├── babel-helper-function-name@6.8.0
22 silly idealTree ├── babel-helper-get-function-arity@6.8.0
22 silly idealTree ├── babel-helper-hoist-variables@6.8.0
22 silly idealTree ├── babel-helper-optimise-call-expression@6.8.0
22 silly idealTree ├── babel-helper-regex@6.9.0
22 silly idealTree ├── babel-helper-replace-supers@6.8.0
22 silly idealTree ├── babel-helpers@6.8.0
22 silly idealTree ├── babel-loader@6.2.4
22 silly idealTree ├── babel-messages@6.8.0
22 silly idealTree ├── babel-plugin-check-es2015-constants@6.8.0
22 silly idealTree ├── babel-plugin-syntax-async-functions@6.13.0
22 silly idealTree ├── babel-plugin-transform-es2015-arrow-functions@6.8.0
22 silly idealTree ├── babel-plugin-transform-es2015-block-scoped-functions@6.8.0
22 silly idealTree ├── babel-plugin-transform-es2015-block-scoping@6.10.1
22 silly idealTree ├── babel-plugin-transform-es2015-classes@6.9.0
22 silly idealTree ├── babel-plugin-transform-es2015-computed-properties@6.8.0
22 silly idealTree ├── babel-plugin-transform-es2015-destructuring@6.9.0
22 silly idealTree ├── babel-plugin-transform-es2015-duplicate-keys@6.8.0
22 silly idealTree ├── babel-plugin-transform-es2015-for-of@6.8.0
22 silly idealTree ├── babel-plugin-transform-es2015-function-name@6.9.0
22 silly idealTree ├── babel-plugin-transform-es2015-literals@6.8.0
22 silly idealTree ├── babel-plugin-transform-es2015-modules-amd@6.8.0
22 silly idealTree ├── babel-plugin-transform-es2015-modules-commonjs@6.11.5
22 silly idealTree ├── babel-plugin-transform-es2015-modules-systemjs@6.12.0
22 silly idealTree ├── babel-plugin-transform-es2015-modules-umd@6.12.0
22 silly idealTree ├── babel-plugin-transform-es2015-object-super@6.8.0
22 silly idealTree ├── babel-plugin-transform-es2015-parameters@6.11.4
22 silly idealTree ├── babel-plugin-transform-es2015-shorthand-properties@6.8.0
22 silly idealTree ├── babel-plugin-transform-es2015-spread@6.8.0
22 silly idealTree ├── babel-plugin-transform-es2015-sticky-regex@6.8.0
22 silly idealTree ├── babel-plugin-transform-es2015-template-literals@6.8.0
22 silly idealTree ├── babel-plugin-transform-es2015-typeof-symbol@6.8.0
22 silly idealTree ├── babel-plugin-transform-es2015-unicode-regex@6.11.0
22 silly idealTree ├── babel-plugin-transform-regenerator@6.11.4
22 silly idealTree ├── babel-plugin-transform-strict-mode@6.11.3
22 silly idealTree ├── babel-polyfill@6.13.0
22 silly idealTree ├── babel-preset-es2015@6.13.2
22 silly idealTree ├── babel-register@6.11.6
22 silly idealTree ├── babel-runtime@6.11.6
22 silly idealTree ├── babel-template@6.9.0
22 silly idealTree ├── babel-traverse@6.13.0
22 silly idealTree ├── babel-types@6.13.0
22 silly idealTree ├── babel@6.5.2
22 silly idealTree ├── babylon@6.8.4
22 silly idealTree ├── baggage-loader@0.2.4
22 silly idealTree ├── balanced-match@0.4.2
22 silly idealTree ├── base64-js@0.0.8
22 silly idealTree ├── big.js@3.1.3
22 silly idealTree ├── binary-extensions@1.5.0
22 silly idealTree ├── bl@1.1.2
22 silly idealTree ├── block-stream@0.0.9
22 silly idealTree ├── bluebird@3.4.1
22 silly idealTree ├── boom@2.10.1
22 silly idealTree ├── brace-expansion@1.1.6
22 silly idealTree ├── braces@1.8.5
22 silly idealTree ├── browserify-zlib@0.1.4
22 silly idealTree ├── browserslist@1.3.5
22 silly idealTree ├── buffer@3.6.0
22 silly idealTree ├── builtin-modules@1.1.1
22 silly idealTree ├── caller-path@0.1.0
22 silly idealTree ├── callsites@0.2.0
22 silly idealTree ├── camel-case@1.2.2
22 silly idealTree ├─┬ camelcase-keys@2.1.0
22 silly idealTree │ └── camelcase@2.1.1
22 silly idealTree ├── camelcase@1.2.1
22 silly idealTree ├── caniuse-db@1.0.30000519
22 silly idealTree ├── caseless@0.11.0
22 silly idealTree ├── center-align@0.1.3
22 silly idealTree ├── chalk@1.1.3
22 silly idealTree ├── change-case@2.3.1
22 silly idealTree ├── chokidar@1.6.0
22 silly idealTree ├── circular-json@0.3.1
22 silly idealTree ├── clap@1.1.1
22 silly idealTree ├─┬ clean-css@3.4.19
22 silly idealTree │ ├── commander@2.8.1
22 silly idealTree │ └── source-map@0.4.4
22 silly idealTree ├── clean-webpack-plugin@0.1.10
22 silly idealTree ├── cli-cursor@1.0.2
22 silly idealTree ├── cli-width@2.1.0
22 silly idealTree ├─┬ cliui@2.1.0
22 silly idealTree │ └── wordwrap@0.0.2
22 silly idealTree ├── clone@1.0.2
22 silly idealTree ├── coa@1.0.1
22 silly idealTree ├── code-point-at@1.0.0
22 silly idealTree ├── color-convert@1.3.1
22 silly idealTree ├── color-name@1.1.1
22 silly idealTree ├── color-string@0.3.0
22 silly idealTree ├── color@0.11.3
22 silly idealTree ├── colormin@1.1.1
22 silly idealTree ├── colors@1.1.2
22 silly idealTree ├── combined-stream@1.0.5
22 silly idealTree ├── commander@2.9.0
22 silly idealTree ├── commondir@1.0.1
22 silly idealTree ├── concat-map@0.0.1
22 silly idealTree ├── concat-stream@1.5.1
22 silly idealTree ├── console-browserify@1.1.0
22 silly idealTree ├── console-control-strings@1.1.0
22 silly idealTree ├── constant-case@1.1.2
22 silly idealTree ├── constants-browserify@0.0.1
22 silly idealTree ├── content-disposition@0.5.1
22 silly idealTree ├── content-type@1.0.2
22 silly idealTree ├── convert-source-map@1.3.0
22 silly idealTree ├── cookie-signature@1.0.6
22 silly idealTree ├── cookie@0.3.1
22 silly idealTree ├── core-js@2.4.1
22 silly idealTree ├── core-util-is@1.0.2
22 silly idealTree ├── cross-spawn@3.0.1
22 silly idealTree ├── cryptiles@2.0.5
22 silly idealTree ├── crypto-browserify@3.2.8
22 silly idealTree ├── css-color-names@0.0.4
22 silly idealTree ├── css-loader@0.23.1
22 silly idealTree ├── css-selector-tokenizer@0.5.4
22 silly idealTree ├── cssesc@0.1.0
22 silly idealTree ├── cssnano@3.7.3
22 silly idealTree ├── csso@2.0.0
22 silly idealTree ├── currently-unhandled@0.4.1
22 silly idealTree ├── d@0.1.1
22 silly idealTree ├─┬ dashdash@1.14.0
22 silly idealTree │ └── assert-plus@1.0.0
22 silly idealTree ├── date-now@0.1.4
22 silly idealTree ├── debug@2.2.0
22 silly idealTree ├── decamelize@1.2.0
22 silly idealTree ├── deep-is@0.1.3
22 silly idealTree ├── defined@1.0.0
22 silly idealTree ├── del@2.2.1
22 silly idealTree ├── delayed-stream@1.0.0
22 silly idealTree ├── delegates@1.0.0
22 silly idealTree ├── depd@1.1.0
22 silly idealTree ├── destroy@1.0.4
22 silly idealTree ├── detect-indent@3.0.1
22 silly idealTree ├─┬ doctrine@1.2.2
22 silly idealTree │ └── esutils@1.1.6
22 silly idealTree ├── domain-browser@1.1.7
22 silly idealTree ├── dot-case@1.1.2
22 silly idealTree ├── ecc-jsbn@0.1.1
22 silly idealTree ├── ee-first@1.1.1
22 silly idealTree ├── emojis-list@2.0.1
22 silly idealTree ├── encodeurl@1.0.1
22 silly idealTree ├─┬ enhanced-resolve@0.9.1
22 silly idealTree │ └── memory-fs@0.2.0
22 silly idealTree ├── errno@0.1.4
22 silly idealTree ├── error-ex@1.3.0
22 silly idealTree ├── es5-ext@0.10.12
22 silly idealTree ├── es6-iterator@2.0.0
22 silly idealTree ├── es6-map@0.1.4
22 silly idealTree ├── es6-set@0.1.4
22 silly idealTree ├── es6-symbol@3.1.0
22 silly idealTree ├── es6-templates@0.2.2
22 silly idealTree ├── es6-weak-map@2.0.1
22 silly idealTree ├── escape-html@1.0.3
22 silly idealTree ├── escape-string-regexp@1.0.5
22 silly idealTree ├── escope@3.6.0
22 silly idealTree ├── eslint-loader@1.5.0
22 silly idealTree ├─┬ eslint@3.2.2
22 silly idealTree │ ├── globals@9.9.0
22 silly idealTree │ └── user-home@2.0.0
22 silly idealTree ├── espree@3.1.7
22 silly idealTree ├── esprima@2.7.2
22 silly idealTree ├─┬ esrecurse@4.1.0
22 silly idealTree │ └── estraverse@4.1.1
22 silly idealTree ├── estraverse@4.2.0
22 silly idealTree ├── esutils@2.0.2
22 silly idealTree ├── etag@1.7.0
22 silly idealTree ├── event-emitter@0.3.4
22 silly idealTree ├── events@1.1.1
22 silly idealTree ├── exit-hook@1.1.1
22 silly idealTree ├── expand-brackets@0.1.5
22 silly idealTree ├── expand-range@1.8.2
22 silly idealTree ├─┬ express@4.14.0
22 silly idealTree │ └── qs@6.2.0
22 silly idealTree ├── extend@3.0.0
22 silly idealTree ├── extglob@0.3.2
22 silly idealTree ├── extract-text-webpack-plugin@1.0.1
22 silly idealTree ├── extsprintf@1.0.2
22 silly idealTree ├── fast-levenshtein@1.1.4
22 silly idealTree ├── fastparse@1.1.1
22 silly idealTree ├── figures@1.7.0
22 silly idealTree ├── file-entry-cache@1.3.1
22 silly idealTree ├── file-loader@0.9.0
22 silly idealTree ├── filename-regex@2.0.0
22 silly idealTree ├── fill-range@2.2.3
22 silly idealTree ├── finalhandler@0.5.0
22 silly idealTree ├── find-cache-dir@0.1.1
22 silly idealTree ├─┬ find-up@1.1.2
22 silly idealTree │ └── path-exists@2.1.0
22 silly idealTree ├── flat-cache@1.2.1
22 silly idealTree ├── flatten@1.0.2
22 silly idealTree ├── for-in@0.1.5
22 silly idealTree ├── for-own@0.1.4
22 silly idealTree ├── forever-agent@0.6.1
22 silly idealTree ├── form-data@1.0.0-rc4
22 silly idealTree ├── forwarded@0.1.0
22 silly idealTree ├── fresh@0.3.0
22 silly idealTree ├── fs.realpath@1.0.0
22 silly idealTree ├─┬ fsevents@1.0.14
22 silly idealTree │ ├── abbrev@1.0.9
22 silly idealTree │ ├── ansi-regex@2.0.0
22 silly idealTree │ ├── ansi-styles@2.2.1
22 silly idealTree │ ├── aproba@1.0.4
22 silly idealTree │ ├── are-we-there-yet@1.1.2
22 silly idealTree │ ├── asn1@0.2.3
22 silly idealTree │ ├── assert-plus@0.2.0
22 silly idealTree │ ├── async@1.5.2
22 silly idealTree │ ├── aws-sign2@0.6.0
22 silly idealTree │ ├── aws4@1.4.1
22 silly idealTree │ ├── balanced-match@0.4.2
22 silly idealTree │ ├─┬ bl@1.1.2
22 silly idealTree │ │ └── readable-stream@2.0.6
22 silly idealTree │ ├── block-stream@0.0.9
22 silly idealTree │ ├── boom@2.10.1
22 silly idealTree │ ├── brace-expansion@1.1.5
22 silly idealTree │ ├── buffer-shims@1.0.0
22 silly idealTree │ ├── caseless@0.11.0
22 silly idealTree │ ├── chalk@1.1.3
22 silly idealTree │ ├── code-point-at@1.0.0
22 silly idealTree │ ├── combined-stream@1.0.5
22 silly idealTree │ ├── commander@2.9.0
22 silly idealTree │ ├── concat-map@0.0.1
22 silly idealTree │ ├── console-control-strings@1.1.0
22 silly idealTree │ ├── core-util-is@1.0.2
22 silly idealTree │ ├── cryptiles@2.0.5
22 silly idealTree │ ├─┬ dashdash@1.14.0
22 silly idealTree │ │ └── assert-plus@1.0.0
22 silly idealTree │ ├── debug@2.2.0
22 silly idealTree │ ├── deep-extend@0.4.1
22 silly idealTree │ ├── delayed-stream@1.0.0
22 silly idealTree │ ├── delegates@1.0.0
22 silly idealTree │ ├── ecc-jsbn@0.1.1
22 silly idealTree │ ├── escape-string-regexp@1.0.5
22 silly idealTree │ ├── extend@3.0.0
22 silly idealTree │ ├── extsprintf@1.0.2
22 silly idealTree │ ├── forever-agent@0.6.1
22 silly idealTree │ ├── form-data@1.0.0-rc4
22 silly idealTree │ ├── fs.realpath@1.0.0
22 silly idealTree │ ├── fstream-ignore@1.0.5
22 silly idealTree │ ├── fstream@1.0.10
22 silly idealTree │ ├── gauge@2.6.0
22 silly idealTree │ ├── generate-function@2.0.0
22 silly idealTree │ ├── generate-object-property@1.2.0
22 silly idealTree │ ├─┬ getpass@0.1.6
22 silly idealTree │ │ └── assert-plus@1.0.0
22 silly idealTree │ ├── glob@7.0.5
22 silly idealTree │ ├── graceful-fs@4.1.4
22 silly idealTree │ ├── graceful-readlink@1.0.1
22 silly idealTree │ ├── har-validator@2.0.6
22 silly idealTree │ ├── has-ansi@2.0.0
22 silly idealTree │ ├── has-color@0.1.7
22 silly idealTree │ ├── has-unicode@2.0.1
22 silly idealTree │ ├── hawk@3.1.3
22 silly idealTree │ ├── hoek@2.16.3
22 silly idealTree │ ├── http-signature@1.1.1
22 silly idealTree │ ├── inflight@1.0.5
22 silly idealTree │ ├── inherits@2.0.1
22 silly idealTree │ ├── ini@1.3.4
22 silly idealTree │ ├── is-fullwidth-code-point@1.0.0
22 silly idealTree │ ├── is-my-json-valid@2.13.1
22 silly idealTree │ ├── is-property@1.0.2
22 silly idealTree │ ├── is-typedarray@1.0.0
22 silly idealTree │ ├── isarray@1.0.0
22 silly idealTree │ ├── isstream@0.1.2
22 silly idealTree │ ├── jodid25519@1.0.2
22 silly idealTree │ ├── jsbn@0.1.0
22 silly idealTree │ ├── json-schema@0.2.2
22 silly idealTree │ ├── json-stringify-safe@5.0.1
22 silly idealTree │ ├── jsonpointer@2.0.0
22 silly idealTree │ ├── jsprim@1.3.0
22 silly idealTree │ ├── mime-db@1.23.0
22 silly idealTree │ ├── mime-types@2.1.11
22 silly idealTree │ ├── minimatch@3.0.2
22 silly idealTree │ ├── minimist@0.0.8
22 silly idealTree │ ├── mkdirp@0.5.1
22 silly idealTree │ ├── ms@0.7.1
22 silly idealTree │ ├── node-pre-gyp@0.6.29
22 silly idealTree │ ├── node-uuid@1.4.7
22 silly idealTree │ ├── nopt@3.0.6
22 silly idealTree │ ├── npmlog@3.1.2
22 silly idealTree │ ├── number-is-nan@1.0.0
22 silly idealTree │ ├── oauth-sign@0.8.2
22 silly idealTree │ ├── object-assign@4.1.0
22 silly idealTree │ ├── once@1.3.3
22 silly idealTree │ ├── path-is-absolute@1.0.0
22 silly idealTree │ ├── pinkie-promise@2.0.1
22 silly idealTree │ ├── pinkie@2.0.4
22 silly idealTree │ ├── process-nextick-args@1.0.7
22 silly idealTree │ ├── qs@6.2.0
22 silly idealTree │ ├─┬ rc@1.1.6
22 silly idealTree │ │ └── minimist@1.2.0
22 silly idealTree │ ├── readable-stream@2.1.4
22 silly idealTree │ ├── request@2.73.0
22 silly idealTree │ ├── rimraf@2.5.3
22 silly idealTree │ ├── semver@5.2.0
22 silly idealTree │ ├── set-blocking@2.0.0
22 silly idealTree │ ├── signal-exit@3.0.0
22 silly idealTree │ ├── sntp@1.0.9
22 silly idealTree │ ├─┬ sshpk@1.8.3
22 silly idealTree │ │ └── assert-plus@1.0.0
22 silly idealTree │ ├── string-width@1.0.1
22 silly idealTree │ ├── string_decoder@0.10.31
22 silly idealTree │ ├── stringstream@0.0.5
22 silly idealTree │ ├── strip-ansi@3.0.1
22 silly idealTree │ ├── strip-json-comments@1.0.4
22 silly idealTree │ ├── supports-color@2.0.0
22 silly idealTree │ ├── tar-pack@3.1.4
22 silly idealTree │ ├── tar@2.2.1
22 silly idealTree │ ├── tough-cookie@2.2.2
22 silly idealTree │ ├── tunnel-agent@0.4.3
22 silly idealTree │ ├── tweetnacl@0.13.3
22 silly idealTree │ ├── uid-number@0.0.6
22 silly idealTree │ ├── util-deprecate@1.0.2
22 silly idealTree │ ├── verror@1.3.6
22 silly idealTree │ ├── wide-align@1.1.0
22 silly idealTree │ ├── wrappy@1.0.2
22 silly idealTree │ └── xtend@4.0.1
22 silly idealTree ├── fstream@1.0.10
22 silly idealTree ├── gauge@2.6.0
22 silly idealTree ├── gaze@1.1.1
22 silly idealTree ├── generate-function@2.0.0
22 silly idealTree ├── generate-object-property@1.2.0
22 silly idealTree ├── get-caller-file@1.0.1
22 silly idealTree ├── get-stdin@4.0.1
22 silly idealTree ├─┬ getpass@0.1.6
22 silly idealTree │ └── assert-plus@1.0.0
22 silly idealTree ├── glob-base@0.3.0
22 silly idealTree ├── glob-parent@2.0.0
22 silly idealTree ├── glob@7.0.5
22 silly idealTree ├── globals@8.18.0
22 silly idealTree ├── globby@5.0.0
22 silly idealTree ├─┬ globule@1.0.0
22 silly idealTree │ └── lodash@4.9.0
22 silly idealTree ├── graceful-fs@4.1.5
22 silly idealTree ├── graceful-readlink@1.0.1
22 silly idealTree ├── har-validator@2.0.6
22 silly idealTree ├── has-ansi@2.0.0
22 silly idealTree ├── has-color@0.1.7
22 silly idealTree ├── has-flag@1.0.0
22 silly idealTree ├── has-own@1.0.0
22 silly idealTree ├── has-unicode@2.0.1
22 silly idealTree ├── hawk@3.1.3
22 silly idealTree ├── he@1.0.0
22 silly idealTree ├── hoek@2.16.3
22 silly idealTree ├── home-or-tmp@1.0.0
22 silly idealTree ├── hosted-git-info@2.1.5
22 silly idealTree ├── html-comment-regex@1.1.1
22 silly idealTree ├── html-loader@0.4.3
22 silly idealTree ├── html-minifier@1.5.0
22 silly idealTree ├── http-browserify@1.7.0
22 silly idealTree ├── http-errors@1.5.0
22 silly idealTree ├── http-signature@1.1.1
22 silly idealTree ├── https-browserify@0.0.0
22 silly idealTree ├── icss-replace-symbols@1.0.2
22 silly idealTree ├── ieee754@1.1.6
22 silly idealTree ├── ignore@3.1.3
22 silly idealTree ├── imurmurhash@0.1.4
22 silly idealTree ├── in-publish@2.0.0
22 silly idealTree ├─┬ indent-string@2.1.0
22 silly idealTree │ └── repeating@2.0.1
22 silly idealTree ├── indexes-of@1.0.1
22 silly idealTree ├── indexof@0.0.1
22 silly idealTree ├── inflight@1.0.5
22 silly idealTree ├── inherits@2.0.1
22 silly idealTree ├── inquirer@0.12.0
22 silly idealTree ├── interpret@0.6.6
22 silly idealTree ├── invariant@2.2.1
22 silly idealTree ├── invert-kv@1.0.0
22 silly idealTree ├── ipaddr.js@1.1.1
22 silly idealTree ├── is-absolute-url@2.0.0
22 silly idealTree ├── is-arrayish@0.2.1
22 silly idealTree ├── is-binary-path@1.0.1
22 silly idealTree ├── is-buffer@1.1.4
22 silly idealTree ├── is-builtin-module@1.0.0
22 silly idealTree ├── is-dotfile@1.0.2
22 silly idealTree ├── is-equal-shallow@0.1.3
22 silly idealTree ├── is-extendable@0.1.1
22 silly idealTree ├── is-extglob@1.0.0
22 silly idealTree ├── is-finite@1.0.1
22 silly idealTree ├── is-fullwidth-code-point@1.0.0
22 silly idealTree ├── is-glob@2.0.1
22 silly idealTree ├── is-lower-case@1.1.3
22 silly idealTree ├── is-my-json-valid@2.13.1
22 silly idealTree ├── is-number@2.1.0
22 silly idealTree ├── is-path-cwd@1.0.0
22 silly idealTree ├── is-path-in-cwd@1.0.0
22 silly idealTree ├── is-path-inside@1.0.0
22 silly idealTree ├── is-plain-obj@1.1.0
22 silly idealTree ├── is-posix-bracket@0.1.1
22 silly idealTree ├── is-primitive@2.0.0
22 silly idealTree ├── is-property@1.0.2
22 silly idealTree ├── is-resolvable@1.0.0
22 silly idealTree ├── is-svg@2.0.1
22 silly idealTree ├── is-typedarray@1.0.0
22 silly idealTree ├── is-upper-case@1.1.2
22 silly idealTree ├── is-utf8@0.2.1
22 silly idealTree ├── isarray@1.0.0
22 silly idealTree ├── isexe@1.1.2
22 silly idealTree ├── isobject@2.1.0
22 silly idealTree ├── isstream@0.1.2
22 silly idealTree ├── jodid25519@1.0.2
22 silly idealTree ├── js-base64@2.1.9
22 silly idealTree ├── js-tokens@2.0.0
22 silly idealTree ├── js-yaml@3.6.1
22 silly idealTree ├── jsbn@0.1.0
22 silly idealTree ├── jsesc@0.5.0
22 silly idealTree ├── json-loader@0.5.4
22 silly idealTree ├── json-schema@0.2.2
22 silly idealTree ├── json-stable-stringify@1.0.1
22 silly idealTree ├── json-stringify-safe@5.0.1
22 silly idealTree ├── json5@0.4.0
22 silly idealTree ├── jsonify@0.0.0
22 silly idealTree ├── jsonpointer@2.0.0
22 silly idealTree ├── jsprim@1.3.0
22 silly idealTree ├── kind-of@3.0.4
22 silly idealTree ├── lazy-cache@1.0.4
22 silly idealTree ├── lcid@1.0.0
22 silly idealTree ├── levn@0.3.0
22 silly idealTree ├─┬ load-json-file@1.1.0
22 silly idealTree │ └── strip-bom@2.0.0
22 silly idealTree ├─┬ loader-utils@0.2.15
22 silly idealTree │ └── json5@0.5.0
22 silly idealTree ├── lodash._createcompounder@3.0.0
22 silly idealTree ├── lodash._root@3.0.1
22 silly idealTree ├── lodash.assign@4.1.0
22 silly idealTree ├── lodash.camelcase@3.0.1
22 silly idealTree ├── lodash.clonedeep@4.4.1
22 silly idealTree ├── lodash.deburr@3.2.0
22 silly idealTree ├── lodash.pickby@4.5.1
22 silly idealTree ├── lodash.words@3.2.0
22 silly idealTree ├── lodash@4.14.2
22 silly idealTree ├── longest@1.0.1
22 silly idealTree ├─┬ loose-envify@1.2.0
22 silly idealTree │ └── js-tokens@1.0.3
22 silly idealTree ├── loud-rejection@1.6.0
22 silly idealTree ├── lower-case-first@1.0.2
22 silly idealTree ├── lower-case@1.1.3
22 silly idealTree ├── lru-cache@4.0.1
22 silly idealTree ├── macaddress@0.2.8
22 silly idealTree ├── map-obj@1.0.1
22 silly idealTree ├── media-typer@0.3.0
22 silly idealTree ├── memory-fs@0.3.0
22 silly idealTree ├── meow@3.7.0
22 silly idealTree ├── merge-descriptors@1.0.1
22 silly idealTree ├── methods@1.1.2
22 silly idealTree ├── micromatch@2.3.11
22 silly idealTree ├── mime-db@1.23.0
22 silly idealTree ├── mime-types@2.1.11
22 silly idealTree ├── mime@1.2.11
22 silly idealTree ├── minimatch@3.0.2
22 silly idealTree ├── minimist@1.2.0
22 silly idealTree ├─┬ mkdirp@0.5.1
22 silly idealTree │ └── minimist@0.0.8
22 silly idealTree ├── ms@0.7.1
22 silly idealTree ├── mute-stream@0.0.5
22 silly idealTree ├── nan@2.4.0
22 silly idealTree ├── ncname@1.0.0
22 silly idealTree ├── negotiator@0.6.1
22 silly idealTree ├── node-gyp@3.4.0
22 silly idealTree ├─┬ node-libs-browser@0.5.3
22 silly idealTree │ ├── isarray@0.0.1
22 silly idealTree │ └── readable-stream@1.1.14
22 silly idealTree ├── node-sass@3.8.0
22 silly idealTree ├── node-uuid@1.4.7
22 silly idealTree ├── nopt@3.0.6
22 silly idealTree ├── normalize-package-data@2.3.5
22 silly idealTree ├── normalize-path@2.0.1
22 silly idealTree ├── normalize-range@0.1.2
22 silly idealTree ├── normalize-url@1.6.0
22 silly idealTree ├── npmlog@3.1.2
22 silly idealTree ├── num2fraction@1.2.2
22 silly idealTree ├── number-is-nan@1.0.0
22 silly idealTree ├── oauth-sign@0.8.2
22 silly idealTree ├── object-assign@4.1.0
22 silly idealTree ├── object.omit@2.0.0
22 silly idealTree ├── on-finished@2.3.0
22 silly idealTree ├── once@1.3.3
22 silly idealTree ├── onetime@1.1.0
22 silly idealTree ├─┬ optimist@0.6.1
22 silly idealTree │ ├── minimist@0.0.10
22 silly idealTree │ └── wordwrap@0.0.3
22 silly idealTree ├── optionator@0.8.1
22 silly idealTree ├── os-browserify@0.1.2
22 silly idealTree ├── os-homedir@1.0.1
22 silly idealTree ├── os-locale@1.4.0
22 silly idealTree ├── os-tmpdir@1.0.1
22 silly idealTree ├── osenv@0.1.3
22 silly idealTree ├── pako@0.2.9
22 silly idealTree ├── param-case@1.1.2
22 silly idealTree ├── parse-glob@3.0.4
22 silly idealTree ├── parse-json@2.2.0
22 silly idealTree ├── parseurl@1.3.1
22 silly idealTree ├── pascal-case@1.1.2
22 silly idealTree ├── path-array@1.0.1
22 silly idealTree ├── path-browserify@0.0.0
22 silly idealTree ├── path-case@1.1.2
22 silly idealTree ├── path-exists@1.0.0
22 silly idealTree ├── path-is-absolute@1.0.0
22 silly idealTree ├── path-is-inside@1.0.1
22 silly idealTree ├── path-to-regexp@0.1.7
22 silly idealTree ├── path-type@1.1.0
22 silly idealTree ├── pbkdf2-compat@2.0.1
22 silly idealTree ├── pify@2.3.0
22 silly idealTree ├── pinkie-promise@2.0.1
22 silly idealTree ├── pinkie@2.0.4
22 silly idealTree ├── pkg-dir@1.0.0
22 silly idealTree ├── pluralize@1.2.1
22 silly idealTree ├── postcss-calc@5.3.0
22 silly idealTree ├── postcss-colormin@2.2.0
22 silly idealTree ├── postcss-convert-values@2.4.0
22 silly idealTree ├── postcss-discard-comments@2.0.4
22 silly idealTree ├── postcss-discard-duplicates@2.0.1
22 silly idealTree ├── postcss-discard-empty@2.1.0
22 silly idealTree ├── postcss-discard-overridden@0.1.1
22 silly idealTree ├── postcss-discard-unused@2.2.1
22 silly idealTree ├── postcss-filter-plugins@2.0.1
22 silly idealTree ├── postcss-merge-idents@2.1.6
22 silly idealTree ├── postcss-merge-longhand@2.0.1
22 silly idealTree ├── postcss-merge-rules@2.0.10
22 silly idealTree ├── postcss-message-helpers@2.0.0
22 silly idealTree ├── postcss-minify-font-values@1.0.5
22 silly idealTree ├── postcss-minify-gradients@1.0.3
22 silly idealTree ├── postcss-minify-params@1.0.4
22 silly idealTree ├── postcss-minify-selectors@2.0.5
22 silly idealTree ├── postcss-modules-extract-imports@1.0.1
22 silly idealTree ├─┬ postcss-modules-local-by-default@1.1.1
22 silly idealTree │ ├── css-selector-tokenizer@0.6.0
22 silly idealTree │ └── regexpu-core@1.0.0
22 silly idealTree ├─┬ postcss-modules-scope@1.0.2
22 silly idealTree │ ├── css-selector-tokenizer@0.6.0
22 silly idealTree │ └── regexpu-core@1.0.0
22 silly idealTree ├── postcss-modules-values@1.1.3
22 silly idealTree ├── postcss-normalize-charset@1.1.0
22 silly idealTree ├── postcss-normalize-url@3.0.7
22 silly idealTree ├── postcss-ordered-values@2.2.1
22 silly idealTree ├── postcss-reduce-idents@2.3.0
22 silly idealTree ├── postcss-reduce-initial@1.0.0
22 silly idealTree ├── postcss-reduce-transforms@1.0.3
22 silly idealTree ├── postcss-selector-parser@2.2.0
22 silly idealTree ├── postcss-svgo@2.1.4
22 silly idealTree ├── postcss-unique-selectors@2.0.2
22 silly idealTree ├── postcss-value-parser@3.3.0
22 silly idealTree ├── postcss-zindex@2.1.1
22 silly idealTree ├─┬ postcss@5.1.2
22 silly idealTree │ └── supports-color@3.1.2
22 silly idealTree ├── prelude-ls@1.1.2
22 silly idealTree ├── prepend-http@1.0.4
22 silly idealTree ├── preserve@0.2.0
22 silly idealTree ├── private@0.1.6
22 silly idealTree ├── process-nextick-args@1.0.7
22 silly idealTree ├── process@0.11.8
22 silly idealTree ├── progress@1.1.8
22 silly idealTree ├── proxy-addr@1.1.2
22 silly idealTree ├── prr@0.0.0
22 silly idealTree ├── pseudomap@1.0.2
22 silly idealTree ├── punycode@1.4.1
22 silly idealTree ├── q@1.4.1
22 silly idealTree ├── qs@6.2.1
22 silly idealTree ├── query-string@4.2.2
22 silly idealTree ├── querystring-es3@0.2.1
22 silly idealTree ├── querystring@0.2.0
22 silly idealTree ├── randomatic@1.1.5
22 silly idealTree ├── range-parser@1.2.0
22 silly idealTree ├── read-pkg-up@1.0.1
22 silly idealTree ├── read-pkg@1.1.0
22 silly idealTree ├── readable-stream@2.0.6
22 silly idealTree ├── readdirp@2.1.0
22 silly idealTree ├── readline2@1.0.1
22 silly idealTree ├─┬ recast@0.9.18
22 silly idealTree │ ├── esprima-fb@10001.1.0-dev-harmony-fb
22 silly idealTree │ └── source-map@0.1.43
22 silly idealTree ├── redent@1.0.0
22 silly idealTree ├─┬ reduce-css-calc@1.2.4
22 silly idealTree │ └── balanced-match@0.1.0
22 silly idealTree ├─┬ reduce-function-call@1.0.1
22 silly idealTree │ └── balanced-match@0.1.0
22 silly idealTree ├── regenerate@1.3.1
22 silly idealTree ├── regenerator-runtime@0.9.5
22 silly idealTree ├── regex-cache@0.4.3
22 silly idealTree ├── regexpu-core@2.0.0
22 silly idealTree ├── regjsgen@0.2.0
22 silly idealTree ├── regjsparser@0.1.5
22 silly idealTree ├── relateurl@0.2.7
22 silly idealTree ├── repeat-element@1.1.2
22 silly idealTree ├── repeat-string@1.5.4
22 silly idealTree ├── repeating@1.1.3
22 silly idealTree ├── request@2.74.0
22 silly idealTree ├── require-directory@2.1.1
22 silly idealTree ├── require-main-filename@1.0.1
22 silly idealTree ├── require-uncached@1.0.2
22 silly idealTree ├── resolve-from@1.0.1
22 silly idealTree ├── restore-cursor@1.0.1
22 silly idealTree ├── right-align@0.1.3
22 silly idealTree ├── rimraf@2.5.4
22 silly idealTree ├── ripemd160@0.2.0
22 silly idealTree ├── run-async@0.1.0
22 silly idealTree ├── rx-lite@3.1.2
22 silly idealTree ├─┬ sass-graph@2.1.2
22 silly idealTree │ ├── cliui@3.2.0
22 silly idealTree │ ├── window-size@0.2.0
22 silly idealTree │ └── yargs@4.8.1
22 silly idealTree ├── sass-loader@4.0.0
22 silly idealTree ├── sax@1.2.1
22 silly idealTree ├── semver@5.3.0
22 silly idealTree ├─┬ send@0.14.1
22 silly idealTree │ └── mime@1.3.4
22 silly idealTree ├── sentence-case@1.1.3
22 silly idealTree ├── serve-static@1.11.1
22 silly idealTree ├── set-blocking@2.0.0
22 silly idealTree ├── set-immediate-shim@1.0.1
22 silly idealTree ├── setprototypeof@1.0.1
22 silly idealTree ├── sha.js@2.2.6
22 silly idealTree ├── shebang-regex@1.0.0
22 silly idealTree ├── shelljs@0.6.1
22 silly idealTree ├── signal-exit@3.0.0
22 silly idealTree ├── slash@1.0.0
22 silly idealTree ├── slice-ansi@0.0.4
22 silly idealTree ├── snake-case@1.1.2
22 silly idealTree ├── sntp@1.0.9
22 silly idealTree ├── sort-keys@1.1.2
22 silly idealTree ├── source-list-map@0.1.6
22 silly idealTree ├─┬ source-map-support@0.2.10
22 silly idealTree │ └── source-map@0.1.32
22 silly idealTree ├── source-map@0.5.6
22 silly idealTree ├── spdx-correct@1.0.2
22 silly idealTree ├── spdx-exceptions@1.0.5
22 silly idealTree ├── spdx-expression-parse@1.0.2
22 silly idealTree ├── spdx-license-ids@1.2.2
22 silly idealTree ├── sprintf-js@1.0.3
22 silly idealTree ├─┬ sshpk@1.9.2
22 silly idealTree │ └── assert-plus@1.0.0
22 silly idealTree ├── statuses@1.3.0
22 silly idealTree ├─┬ stream-browserify@1.0.0
22 silly idealTree │ ├── isarray@0.0.1
22 silly idealTree │ └── readable-stream@1.1.14
22 silly idealTree ├── strict-uri-encode@1.1.0
22 silly idealTree ├── string-width@1.0.1
22 silly idealTree ├── string_decoder@0.10.31
22 silly idealTree ├── stringstream@0.0.5
22 silly idealTree ├── strip-ansi@3.0.1
22 silly idealTree ├── strip-bom@3.0.0
22 silly idealTree ├── strip-indent@1.0.1
22 silly idealTree ├── strip-json-comments@1.0.4
22 silly idealTree ├── style-loader@0.13.1
22 silly idealTree ├── supports-color@2.0.0
22 silly idealTree ├── svgo@0.6.6
22 silly idealTree ├── swap-case@1.1.2
22 silly idealTree ├── table@3.7.8
22 silly idealTree ├── tapable@0.1.10
22 silly idealTree ├── tar@2.2.1
22 silly idealTree ├── text-table@0.2.0
22 silly idealTree ├── through@2.3.8
22 silly idealTree ├── timers-browserify@1.4.2
22 silly idealTree ├── title-case@1.1.2
22 silly idealTree ├── to-fast-properties@1.0.2
22 silly idealTree ├── tough-cookie@2.3.1
22 silly idealTree ├── trim-newlines@1.0.0
22 silly idealTree ├── tryit@1.0.2
22 silly idealTree ├── tty-browserify@0.0.0
22 silly idealTree ├── tunnel-agent@0.4.3
22 silly idealTree ├── tv4@1.2.7
22 silly idealTree ├── tweetnacl@0.13.3
22 silly idealTree ├── type-check@0.3.2
22 silly idealTree ├── type-is@1.6.13
22 silly idealTree ├── typedarray@0.0.6
22 silly idealTree ├─┬ uglify-js@2.6.4
22 silly idealTree │ └── async@0.2.10
22 silly idealTree ├── uglify-to-browserify@1.0.2
22 silly idealTree ├── uniq@1.0.1
22 silly idealTree ├── uniqid@3.1.0
22 silly idealTree ├── uniqs@2.0.0
22 silly idealTree ├── unpipe@1.0.0
22 silly idealTree ├── upper-case-first@1.1.2
22 silly idealTree ├── upper-case@1.1.3
22 silly idealTree ├── url-loader@0.5.7
22 silly idealTree ├─┬ url@0.10.3
22 silly idealTree │ └── punycode@1.3.2
22 silly idealTree ├── user-home@1.1.1
22 silly idealTree ├── util-deprecate@1.0.2
22 silly idealTree ├── util@0.10.3
22 silly idealTree ├── utils-merge@1.0.0
22 silly idealTree ├── validate-npm-package-license@3.0.1
22 silly idealTree ├── vary@1.1.0
22 silly idealTree ├── vendors@1.0.0
22 silly idealTree ├── verror@1.3.6
22 silly idealTree ├── vm-browserify@0.0.4
22 silly idealTree ├─┬ watchpack@0.2.9
22 silly idealTree │ └── async@0.9.2
22 silly idealTree ├─┬ webpack-core@0.6.8
22 silly idealTree │ └── source-map@0.4.4
22 silly idealTree ├── webpack-sources@0.1.2
22 silly idealTree ├─┬ webpack@1.13.1
22 silly idealTree │ └── supports-color@3.1.2
22 silly idealTree ├── whet.extend@0.9.9
22 silly idealTree ├── which-module@1.0.0
22 silly idealTree ├── which@1.2.10
22 silly idealTree ├── wide-align@1.1.0
22 silly idealTree ├── window-size@0.1.0
22 silly idealTree ├── wordwrap@1.0.0
22 silly idealTree ├── wrap-ansi@2.0.0
22 silly idealTree ├── wrappy@1.0.2
22 silly idealTree ├── write@0.2.1
22 silly idealTree ├── xml-char-classes@1.0.0
22 silly idealTree ├── xregexp@3.1.1
22 silly idealTree ├── xtend@4.0.1
22 silly idealTree ├── y18n@3.2.1
22 silly idealTree ├── yallist@2.0.0
22 silly idealTree ├─┬ yargs-parser@2.4.1
22 silly idealTree │ └── camelcase@3.0.0
22 silly idealTree └── yargs@3.10.0
23 silly generateActionsToTake Starting
24 silly install generateActionsToTake
25 silly generateActionsToTake Finishing
26 silly diffTrees action count 0
27 silly decomposeActions action count 0
28 silly executeActions Starting
29 silly install executeActions
30 silly doSerial global-install 0
31 silly doParallel fetch 0
32 verbose correctMkdir /Users/Sam/.npm/_locks correctMkdir not in flight; initializing
33 verbose lock using /Users/Sam/.npm/_locks/staging-d8ba5f4c1c7bf759.lock for /Users/Sam/sam-gruse-portfolio-two/node_modules/.staging
34 silly doParallel extract 0
35 silly doParallel preinstall 0
36 silly doReverseSerial remove 0
37 silly doSerial move 0
38 silly doSerial finalize 0
39 silly doSerial build 0
40 silly doSerial global-link 0
41 silly doParallel update-linked 0
42 silly doSerial install 0
43 silly doSerial postinstall 0
44 verbose unlock done using /Users/Sam/.npm/_locks/staging-d8ba5f4c1c7bf759.lock for /Users/Sam/sam-gruse-portfolio-two/node_modules/.staging
45 silly executeActions Finishing
46 silly rollbackFailedOptional Starting
47 silly rollbackFailedOptional Finishing
48 silly runTopLevelLifecycles Starting
49 silly install runTopLevelLifecycles
50 silly preinstall portfolio@1.0.0 /Users/Sam/sam-gruse-portfolio-two/portfolio-0d4de703
51 info lifecycle portfolio@1.0.0~preinstall: portfolio@1.0.0
52 silly lifecycle portfolio@1.0.0~preinstall: no script for preinstall, continuing
53 silly build portfolio@1.0.0
54 info linkStuff portfolio@1.0.0
55 silly linkStuff portfolio@1.0.0 has /Users/Sam as its parent node_modules
56 verbose linkBins portfolio@1.0.0
57 verbose linkMans portfolio@1.0.0
58 silly install portfolio@1.0.0 /Users/Sam/sam-gruse-portfolio-two/portfolio-0d4de703
59 info lifecycle portfolio@1.0.0~install: portfolio@1.0.0
60 silly lifecycle portfolio@1.0.0~install: no script for install, continuing
61 silly postinstall portfolio@1.0.0 /Users/Sam/sam-gruse-portfolio-two/portfolio-0d4de703
62 info lifecycle portfolio@1.0.0~postinstall: portfolio@1.0.0
63 verbose lifecycle portfolio@1.0.0~postinstall: unsafe-perm in lifecycle true
64 verbose lifecycle portfolio@1.0.0~postinstall: PATH: /usr/local/lib/node_modules/npm/bin/node-gyp-bin:/Users/Sam/sam-gruse-portfolio-two/node_modules/.bin:/Users/Sam/.node/bin:/Users/Sam/.node/bin:/usr/local/bin:/usr/bin:/bin:/usr/sbin:/sbin:/usr/local/lib/
65 verbose lifecycle portfolio@1.0.0~postinstall: CWD: /Users/Sam/sam-gruse-portfolio-two
66 silly lifecycle portfolio@1.0.0~postinstall: Args: [ '-c',
66 silly lifecycle   'webpack --config ./webpack-prod.config.js --progress --colors' ]
67 silly lifecycle portfolio@1.0.0~postinstall: Returned: code: 1  signal: null
68 info lifecycle portfolio@1.0.0~postinstall: Failed to exec postinstall script
69 warn portfolio@1.0.0 No repository field.
70 verbose stack Error: portfolio@1.0.0 postinstall: `webpack --config ./webpack-prod.config.js --progress --colors`
70 verbose stack Exit status 1
70 verbose stack     at EventEmitter.<anonymous> (/usr/local/lib/node_modules/npm/lib/utils/lifecycle.js:242:16)
70 verbose stack     at emitTwo (events.js:87:13)
70 verbose stack     at EventEmitter.emit (events.js:172:7)
70 verbose stack     at ChildProcess.<anonymous> (/usr/local/lib/node_modules/npm/lib/utils/spawn.js:40:14)
70 verbose stack     at emitTwo (events.js:87:13)
70 verbose stack     at ChildProcess.emit (events.js:172:7)
70 verbose stack     at maybeClose (internal/child_process.js:821:16)
70 verbose stack     at Process.ChildProcess._handle.onexit (internal/child_process.js:211:5)
71 verbose pkgid portfolio@1.0.0
72 verbose cwd /Users/Sam/sam-gruse-portfolio-two
73 error Darwin 14.5.0
74 error argv "/Users/Sam/.node/bin/node" "/usr/local/bin/npm" "i"
75 error node v4.3.1
76 error npm  v3.10.3
77 error code ELIFECYCLE
78 error portfolio@1.0.0 postinstall: `webpack --config ./webpack-prod.config.js --progress --colors`
78 error Exit status 1
79 error Failed at the portfolio@1.0.0 postinstall script 'webpack --config ./webpack-prod.config.js --progress --colors'.
79 error Make sure you have the latest version of node.js and npm installed.
79 error If you do, this is most likely a problem with the portfolio package,
79 error not with npm itself.
79 error Tell the author that this fails on your system:
79 error     webpack --config ./webpack-prod.config.js --progress --colors
79 error You can get information on how to open an issue for this project with:
79 error     npm bugs portfolio
79 error Or if that isn't available, you can get their info via:
79 error     npm owner ls portfolio
79 error There is likely additional logging output above.
80 verbose exit [ 1, true ]
